2023-05-01 15:07:45 [INFO ] restartedMain [] Starting StartApplication using Java 17.0.7 with PID 7856 (/home/ycc/code/java/code/start/target/classes started by ycc in /home/ycc/code/java/code)
2023-05-01 15:07:45 [INFO ] restartedMain [] The following 1 profile is active: "test"
2023-05-01 15:07:45 [INFO ] restartedMain [] Started StartApplication in 0.711 seconds (process running for 0.935)
2023-05-01 15:07:51 [INFO ] http-nio-8080-exec-1 [b260733b-0600-47b8-9184-48eac19f4d39] [StartApplication][start][1]
2023-05-01 15:07:51 [INFO ] http-nio-8080-exec-1 [b260733b-0600-47b8-9184-48eac19f4d39] [StartApplication][end][{
"name":"刘梦琼",
"age": "1"
}
]
2023-05-01 15:20:28 [INFO ] restartedMain [] Starting StartApplication using Java 17.0.7 with PID 9754 (/home/ycc/code/java/code/start/target/classes started by ycc in /home/ycc/code/java/code)
2023-05-01 15:20:28 [INFO ] restartedMain [] The following 1 profile is active: "test"
2023-05-01 15:20:28 [INFO ] restartedMain [] Started StartApplication in 0.733 seconds (process running for 0.961)
2023-05-01 15:20:40 [INFO ] http-nio-8080-exec-1 [54e3e93c-25ae-4c78-9286-d203a9c70e7f] [StartApplication][start][18]
2023-05-01 15:20:40 [INFO ] http-nio-8080-exec-1 [54e3e93c-25ae-4c78-9286-d203a9c70e7f] [StartApplication][end][{
"name":"chalmery",
"age": "18"
}
]
2023-05-01 15:31:05 [INFO ] restartedMain [] Starting StartApplication using Java 17.0.7 with PID 11236 (/home/ycc/code/java/code/start/target/classes started by ycc in /home/ycc/code/java/code)
2023-05-01 15:31:05 [INFO ] restartedMain [] The following 1 profile is active: "test"
2023-05-01 15:31:05 [INFO ] restartedMain [] Started StartApplication in 0.76 seconds (process running for 0.995)
